SF:lib\src\models\weather.dart
DA:16,1
DA:22,1
DA:23,1
DA:25,2
DA:31,1
DA:32,4
LF:6
LH:6
end_of_record
SF:lib\src\models\weather.g.dart
DA:7,2
DA:10,1
DA:11,1
DA:12,2
DA:14,3
DA:15,1
DA:16,2
DA:22,2
DA:23,1
DA:24,1
DA:25,2
LF:11
LH:11
end_of_record
SF:lib\src\weather_repository.dart
DA:6,1
DA:7,1
DA:11,1
DA:12,2
DA:13,1
DA:14,1
DA:15,0
DA:17,0
DA:18,0
DA:19,0
DA:20,0
DA:26,1
DA:28,0
DA:32,0
DA:34,0
DA:36,0
DA:37,0
DA:38,0
DA:39,0
DA:40,0
DA:42,0
DA:43,0
DA:44,0
DA:45,0
DA:46,0
DA:47,0
DA:48,0
DA:49,0
DA:50,0
DA:51,0
DA:52,0
DA:53,0
DA:54,0
DA:55,0
DA:56,0
DA:57,0
DA:59,0
DA:60,0
DA:61,0
DA:62,0
DA:63,0
DA:64,0
LF:42
LH:7
end_of_record
