SF:lib/weather/cubit/weather_cubit.dart
DA:12,6
DA:16,1
DA:17,1
DA:19,3
DA:22,1
DA:23,2
DA:25,2
DA:26,1
DA:27,3
DA:28,2
DA:30,1
DA:31,2
DA:34,2
DA:37,1
DA:38,3
DA:42,1
DA:43,3
DA:44,4
DA:46,1
DA:47,5
DA:49,2
DA:50,1
DA:51,3
DA:52,2
DA:54,1
DA:55,2
DA:58,2
DA:61,1
DA:62,2
DA:66,1
DA:67,3
DA:71,3
DA:72,3
DA:76,2
DA:77,2
DA:78,1
DA:79,1
DA:80,2
DA:81,2
DA:82,1
DA:83,2
DA:85,2
DA:91,1
DA:93,1
DA:95,2
DA:96,2
DA:100,4
DA:101,4
LF:48
LH:48
end_of_record
SF:lib/weather/cubit/weather_state.dart
DA:6,2
DA:7,2
DA:8,4
DA:9,2
DA:14,3
DA:18,3
DA:20,1
DA:21,1
DA:27,1
DA:32,1
DA:33,1
DA:34,1
DA:35,1
DA:39,4
DA:41,1
DA:42,4
LF:16
LH:16
end_of_record
SF:lib/weather/cubit/weather_cubit.g.dart
DA:9,1
DA:10,1
DA:13,1
DA:14,1
DA:15,1
DA:17,1
DA:18,1
DA:20,1
DA:22,1
DA:23,1
DA:25,1
DA:27,1
DA:29,1
DA:36,2
DA:37,2
DA:38,4
DA:39,4
DA:41,4
LF:18
LH:18
end_of_record
SF:lib/weather/models/weather.dart
DA:12,2
DA:13,4
DA:18,7
DA:20,1
DA:21,1
DA:25,4
DA:27,1
DA:28,2
DA:33,3
DA:40,1
DA:41,1
DA:43,1
DA:44,1
DA:45,1
DA:46,1
DA:47,1
DA:48,2
DA:52,9
DA:54,3
DA:64,1
DA:65,5
DA:67,4
DA:69,1
DA:75,1
DA:76,1
DA:77,1
DA:78,1
DA:79,0
LF:28
LH:27
end_of_record
SF:lib/weather/models/weather.g.dart
DA:9,2
DA:12,1
DA:13,1
DA:14,3
DA:20,2
DA:21,2
DA:22,2
DA:25,2
DA:28,1
DA:29,1
DA:30,1
DA:31,2
DA:32,1
DA:33,2
DA:34,2
DA:35,1
DA:36,2
DA:43,4
DA:44,4
DA:45,4
DA:46,2
DA:47,4
LF:22
LH:22
end_of_record
SF:lib/search/view/search_page.dart
DA:4,6
DA:6,1
DA:7,2
DA:10,1
DA:11,1
DA:17,3
DA:19,1
DA:21,2
DA:22,1
DA:25,1
DA:27,1
DA:28,1
DA:29,1
DA:30,1
DA:31,1
DA:32,1
DA:34,1
DA:35,1
DA:43,1
DA:46,4
LF:20
LH:20
end_of_record
SF:lib/settings/view/settings_page.dart
DA:8,6
DA:10,1
DA:11,1
DA:12,2
DA:19,1
DA:21,1
DA:22,1
DA:23,1
DA:24,1
DA:25,1
DA:26,1
DA:27,3
DA:28,1
DA:29,1
DA:35,1
DA:36,2
DA:37,3
LF:17
LH:17
end_of_record
SF:lib/theme/cubit/theme_cubit.dart
DA:7,4
DA:11,1
DA:12,2
DA:15,1
DA:17,3
DA:20,2
DA:22,6
DA:27,1
DA:28,1
DA:29,1
DA:31,1
DA:33,1
DA:35,1
DA:37,1
LF:14
LH:14
end_of_record
SF:lib/weather/view/weather_page.dart
DA:14,1
DA:16,1
DA:18,1
DA:19,3
DA:26,6
DA:28,1
DA:29,1
DA:33,1
DA:35,1
DA:36,1
DA:38,1
DA:39,1
DA:41,0
DA:42,0
DA:43,0
DA:44,0
DA:51,1
DA:52,1
DA:53,0
DA:54,0
DA:55,0
DA:58,1
DA:59,1
DA:60,1
DA:62,0
DA:64,0
DA:65,0
DA:66,0
DA:67,0
DA:68,0
DA:69,0
DA:72,0
DA:78,1
DA:80,0
DA:81,0
DA:82,0
DA:83,0
LF:37
LH:18
end_of_record
SF:lib/weather/widgets/weather_empty.dart
DA:4,6
DA:6,1
DA:8,1
DA:9,1
DA:11,1
DA:13,1
DA:15,2
LF:7
LH:7
end_of_record
SF:lib/weather/widgets/weather_error.dart
DA:4,6
DA:6,0
DA:8,0
DA:9,0
DA:11,0
DA:13,0
DA:15,0
LF:7
LH:1
end_of_record
SF:lib/weather/widgets/weather_loading.dart
DA:4,6
DA:6,0
DA:8,0
DA:9,0
DA:11,0
DA:13,0
DA:15,0
LF:7
LH:1
end_of_record
SF:lib/weather/widgets/weather_populated.dart
DA:7,0
DA:18,0
DA:20,0
DA:21,0
DA:22,0
DA:23,0
DA:24,0
DA:25,0
DA:26,0
DA:29,0
DA:30,0
DA:31,0
DA:33,0
DA:34,0
DA:35,0
DA:36,0
DA:40,0
DA:41,0
DA:42,0
DA:46,0
DA:47,0
DA:60,0
DA:66,0
DA:68,0
DA:69,0
DA:76,0
DA:78,0
DA:80,0
DA:82,0
DA:84,0
DA:86,0
DA:93,0
DA:95,0
DA:96,0
DA:97,0
DA:98,0
DA:99,0
DA:103,0
DA:105,0
DA:106,0
DA:107,0
DA:117,0
DA:119,0
DA:122,0
DA:123,0
DA:124,0
DA:125,0
DA:126,0
DA:127,0
DA:133,0
DA:134,0
LF:51
LH:0
end_of_record
SF:lib/app.dart
DA:9,1
DA:14,1
DA:16,1
DA:17,1
DA:18,1
DA:19,2
DA:27,2
DA:29,1
DA:31,2
DA:32,1
DA:33,1
DA:34,1
DA:36,1
DA:38,1
DA:39,1
DA:40,1
DA:41,1
DA:42,1
LF:18
LH:18
end_of_record
